<?xml version="1.0" encoding="UTF-8"?>
<testng-results ignored="0" total="1" passed="1" failed="0" skipped="0">
  <reporter-output>
    <line>
      <![CDATA[The driver has launched the website using url : https://www.saucedemo.com]]>
    </line>
    <line>
      <![CDATA[The text present on the LoginPage is as same as the expected_text : Swag Labs]]>
    </line>
    <line>
      <![CDATA[The driver has entered the username into the text field meant for entering the Username]]>
    </line>
    <line>
      <![CDATA[The driver has entered the password into the text field meant for entering the Password]]>
    </line>
    <line>
      <![CDATA[The driver has clicked on the Login-Button]]>
    </line>
    <line>
      <![CDATA[driver has waited due to ImplicitWait after clicking on the Login-Button]]>
    </line>
    <line>
      <![CDATA[The driver has now reached the HomePage hence it is clear that Login was successful]]>
    </line>
    <line>
      <![CDATA[The text present on the HomePage is as same as the Expected_text i.e. : Products]]>
    </line>
    <line>
      <![CDATA[The driver has navigated to the Menu_Bar and clicked over it]]>
    </line>
    <line>
      <![CDATA[The driver has clicked on the Logout-Button.]]>
    </line>
    <line>
      <![CDATA[driver has waited due to ImplicitWait after clicking on the Logout-Button]]>
    </line>
    <line>
      <![CDATA[The driver has now reached back to the LoginPage now hence it is clear that the Logout was successful]]>
    </line>
  </reporter-output>
  <suite started-at="2024-04-09T17:49:14 IST" name="Default Suite" finished-at="2024-04-09T17:49:35 IST" duration-ms="21872">
    <groups>
    </groups>
    <test started-at="2024-04-09T17:49:14 IST" name="UI_TestAutomationProject_Selenium" finished-at="2024-04-09T17:49:35 IST" duration-ms="21872">
      <class name="TestCasePackage.TestScript_01">
        <test-method is-config="true" signature="setup()[pri:0, instance:TestCasePackage.TestScript_01@7d3a22a9]" started-at="2024-04-09T17:49:15 IST" name="setup" finished-at="2024-04-09T17:49:22 IST" duration-ms="7856" status="PASS">
          <reporter-output>
          </reporter-output>
        </test-method> <!-- setup -->
        <test-method signature="loginWithValidLoginCredentials(java.lang.String,java.lang.String,java.lang.String,java.lang.String)[pri:0, instance:TestCasePackage.TestScript_01@7d3a22a9]" started-at="2024-04-09T17:49:25 IST" name="loginWithValidLoginCredentials" description="This test is to verify if the user is able to login with valid-loginCredentials " data-provider="TestData_01" finished-at="2024-04-09T17:49:31 IST" duration-ms="5288" status="PASS">
          <params>
            <param index="0">
              <value>
                <![CDATA[Swag Labs]]>
              </value>
            </param>
            <param index="1">
              <value>
                <![CDATA[Products]]>
              </value>
            </param>
            <param index="2">
              <value>
                <![CDATA[https://www.saucedemo.com/]]>
              </value>
            </param>
            <param index="3">
              <value>
                <![CDATA[https://www.saucedemo.com/inventory.html]]>
              </value>
            </param>
          </params>
          <reporter-output>
            <line>
              <![CDATA[The driver has launched the website using url : https://www.saucedemo.com]]>
            </line>
            <line>
              <![CDATA[The text present on the LoginPage is as same as the expected_text : Swag Labs]]>
            </line>
            <line>
              <![CDATA[The driver has entered the username into the text field meant for entering the Username]]>
            </line>
            <line>
              <![CDATA[The driver has entered the password into the text field meant for entering the Password]]>
            </line>
            <line>
              <![CDATA[The driver has clicked on the Login-Button]]>
            </line>
            <line>
              <![CDATA[driver has waited due to ImplicitWait after clicking on the Login-Button]]>
            </line>
            <line>
              <![CDATA[The driver has now reached the HomePage hence it is clear that Login was successful]]>
            </line>
            <line>
              <![CDATA[The text present on the HomePage is as same as the Expected_text i.e. : Products]]>
            </line>
            <line>
              <![CDATA[The driver has navigated to the Menu_Bar and clicked over it]]>
            </line>
            <line>
              <![CDATA[The driver has clicked on the Logout-Button.]]>
            </line>
            <line>
              <![CDATA[driver has waited due to ImplicitWait after clicking on the Logout-Button]]>
            </line>
            <line>
              <![CDATA[The driver has now reached back to the LoginPage now hence it is clear that the Logout was successful]]>
            </line>
          </reporter-output>
        </test-method> <!-- loginWithValidLoginCredentials -->
        <test-method is-config="true" signature="tearDown()[pri:0, instance:TestCasePackage.TestScript_01@7d3a22a9]" started-at="2024-04-09T17:49:31 IST" name="tearDown" finished-at="2024-04-09T17:49:35 IST" duration-ms="4874" status="PASS">
          <reporter-output>
          </reporter-output>
        </test-method> <!-- tearDown -->
      </class> <!-- TestCasePackage.TestScript_01 -->
    </test> <!-- UI_TestAutomationProject_Selenium -->
  </suite> <!-- Default Suite -->
</testng-results>
